<?xml version="1.0" encoding="UTF-8"?>
<!-- Generated by org.testng.reporters.JUnitReportReporter -->
<testsuite skipped="0" hostname="payalbhatt-PC" name="day8.BasicTesting2" tests="2" failures="0" timestamp="28 Dec 2018 23:39:10 GMT" time="0.031" errors="0">
  <testcase name="testcase2" time="0.016" classname="day8.BasicTesting2"/>
  <testcase name="testcase3" time="0.015" classname="day8.BasicTesting2"/>
</testsuite> <!-- day8.BasicTesting2 -->
