<?xml version="1.0" encoding="UTF-8"?>
<!-- Generated by org.testng.reporters.JUnitReportReporter -->
<testsuite skipped="0" hostname="payalbhatt-PC" name="day8.BasicTesting" tests="2" failures="0" timestamp="28 Dec 2018 23:39:10 GMT" time="0.016" errors="0">
  <testcase name="testcase2" time="0.016" classname="day8.BasicTesting"/>
  <testcase name="testcase1" time="0.000" classname="day8.BasicTesting"/>
</testsuite> <!-- day8.BasicTesting -->
