<?xml version="1.0" encoding="UTF-8"?>
<!-- Generated by org.testng.reporters.JUnitReportReporter -->
<testsuite skipped="0" hostname="payalbhatt-PC" name="day7.BasicTesting" tests="3" failures="0" timestamp="27 Dec 2018 01:52:24 GMT" time="0.020" errors="0">
  <testcase name="testcase2" time="0.016" classname="day7.BasicTesting"/>
  <testcase name="testcase1" time="0.004" classname="day7.BasicTesting"/>
  <testcase name="testcase3" time="0.000" classname="day7.BasicTesting"/>
</testsuite> <!-- day7.BasicTesting -->
