<?xml version="1.0" encoding="UTF-8"?>
<!-- Generated by org.testng.reporters.JUnitReportReporter -->
<testsuite skipped="1" hostname="payalbhatt-PC" name="day7.GuruProject" tests="2" failures="0" timestamp="28 Dec 2018 22:04:35 GMT" time="0.970" errors="0">
  <testcase name="verifyTitleOfThePage" time="0.970" classname="day7.GuruProject"/>
  <testcase name="loginGuruWebsite" classname="day7.GuruProject">
    <skipped/>
  </testcase> <!-- loginGuruWebsite -->
</testsuite> <!-- day7.GuruProject -->
